npm WARN ignoring workspace config at /Users/six7/development/figma-plugin/packages/tokens-studio-for-figma/.npmrc 

> @tokens-studio/figma-plugin@1.38.0 build
> cross-env NODE_ENV=production webpack --mode=production

asset index.html 3.93 MiB [emitted] [big]
asset ui.js 3.93 MiB [emitted] [minimized] [big] (name: ui) 2 related assets
asset code.js 700 KiB [compared for emit] [minimized] [big] (name: code) 2 related assets
orphan modules 10.5 MiB [orphan] 2140 modules
runtime modules 3.72 KiB 14 modules
cacheable modules 13.3 MiB
  modules by path ./node_modules/ 4.41 MiB
    javascript modules 4.41 MiB 815 modules
    json modules 4.78 KiB 3 modules
  modules by path ./src/ 8.85 MiB
    modules by path ./src/app/assets/ 179 KiB
      ./node_modules/css-loader/dist/cjs.js!./src/app/assets/fonts/jetbrainsmono.css 660 bytes [built] [code generated]
      + 5 modules
    + 4 modules
  modules by path ../../node_modules/ 2 KiB
    ../../node_modules/once/once.js 1.02 KiB [built] [code generated]
    ../../node_modules/wrappy/wrappy.js 1010 bytes [built] [code generated]
  ./util.inspect (ignored) 15 bytes [built] [code generated]

WARNING in ./src/app/components/AppContainer/startupProcessSteps/savePluginDataFactory.ts 197:29-40
Should not import the named export 'version' (imported as 'pjs') from default-exporting module (only default export is available soon)
 @ ./src/app/components/AppContainer/startupProcessSteps/index.ts 1:0-40 1:0-40
 @ ./src/app/components/AppContainer/useStartupProcess.ts 6:0-150 27:20-41 31:20-37 35:20-37 39:20-49 43:20-37
 @ ./src/app/components/AppContainer/AppContainer.tsx 191:0-56 215:25-42
 @ ./src/app/components/AppContainer/index.ts 1:0-31 1:0-31
 @ ./src/app/asyncMessageHandlers/startup.tsx 132:0-58 146:53-65
 @ ./src/app/asyncMessageHandlers/index.ts 2:0-26 2:0-26
 @ ./src/app/index.tsx 6:0-56 14:75-101 15:68-89

WARNING in ./src/app/components/FigmaLoading.tsx 51:26-37
Should not import the named export 'version' (imported as 'pjs') from default-exporting module (only default export is available soon)
 @ ./src/app/components/AppContainer/AppContainer.tsx 187:0-43 292:41-53
 @ ./src/app/components/AppContainer/index.ts 1:0-31 1:0-31
 @ ./src/app/asyncMessageHandlers/startup.tsx 132:0-58 146:53-65
 @ ./src/app/asyncMessageHandlers/index.ts 2:0-26 2:0-26
 @ ./src/app/index.tsx 6:0-56 14:75-101 15:68-89

WARNING in ./src/app/components/Footer.tsx 228:19-30
Should not import the named export 'version' (imported as 'pjs') from default-exporting module (only default export is available soon)
 @ ./src/app/components/App.tsx 10:0-30 34:341-347
 @ ./src/app/components/AppContainer/AppContainer.tsx 186:0-25 296:41-44
 @ ./src/app/components/AppContainer/index.ts 1:0-31 1:0-31
 @ ./src/app/asyncMessageHandlers/startup.tsx 132:0-58 146:53-65
 @ ./src/app/asyncMessageHandlers/index.ts 2:0-26 2:0-26
 @ ./src/app/index.tsx 6:0-56 14:75-101 15:68-89

WARNING in ./src/app/sentry.ts 30:48-59
Should not import the named export 'version' (imported as 'pjs') from default-exporting module (only default export is available soon)
 @ ./src/app/index.tsx 10:0-44 12:0-16

WARNING in ./src/app/store/models/effects/tokenState/setDefaultTokens.ts 6:13-24
Should not import the named export 'version' (imported as 'pjs') from default-exporting module (only default export is available soon)
 @ ./src/app/store/models/effects/tokenState/index.ts 3:0-35 3:0-35
 @ ./src/app/store/models/tokenState.tsx 143:0-58 733:45-62
 @ ./src/app/store/models/index.tsx 3:0-42 10:16-26
 @ ./src/app/store.ts 2:0-40 5:12-18
 @ ./src/app/asyncMessageHandlers/startup.tsx 131:0-33 145:27-32
 @ ./src/app/asyncMessageHandlers/index.ts 2:0-26 2:0-26
 @ ./src/app/index.tsx 6:0-56 14:75-101 15:68-89

WARNING in ./src/app/store/providers/generic/versionedStorage.ts 224:37-48
Should not import the named export 'version' (imported as 'pjs') from default-exporting module (only default export is available soon)
 @ ./src/app/store/updateSources.tsx 129:0-84 219:24-52
 @ ./src/app/store/models/tokenState.tsx 148:0-53 708:24-45
 @ ./src/app/store/models/index.tsx 3:0-42 10:16-26
 @ ./src/app/store.ts 2:0-40 5:12-18
 @ ./src/app/asyncMessageHandlers/startup.tsx 131:0-33 145:27-32
 @ ./src/app/asyncMessageHandlers/index.ts 2:0-26 2:0-26
 @ ./src/app/index.tsx 6:0-56 14:75-101 15:68-89

WARNING in ./src/app/store/providers/jsonbin.tsx 218:37-48
Should not import the named export 'version' (imported as 'pjs') from default-exporting module (only default export is available soon)
 @ ./src/app/store/updateSources.tsx 128:0-58 196:24-43
 @ ./src/app/store/models/tokenState.tsx 148:0-53 708:24-45
 @ ./src/app/store/models/index.tsx 3:0-42 10:16-26
 @ ./src/app/store.ts 2:0-40 5:12-18
 @ ./src/app/asyncMessageHandlers/startup.tsx 131:0-33 145:27-32
 @ ./src/app/asyncMessageHandlers/index.ts 2:0-26 2:0-26
 @ ./src/app/index.tsx 6:0-56 14:75-101 15:68-89

WARNING in ./src/storage/GenericVersionedStorage.ts 470:45-56
Should not import the named export 'version' (imported as 'pjs') from default-exporting module (only default export is available soon)
 @ ./src/storage/index.ts 2:0-42 2:0-42
 @ ./src/app/store/providers/jsonbin.tsx 184:0-48 211:34-53 356:28-54 451:38-57
 @ ./src/app/store/updateSources.tsx 128:0-58 196:24-43
 @ ./src/app/store/models/tokenState.tsx 148:0-53 708:24-45
 @ ./src/app/store/models/index.tsx 3:0-42 10:16-26
 @ ./src/app/store.ts 2:0-40 5:12-18
 @ ./src/app/asyncMessageHandlers/startup.tsx 131:0-33 145:27-32
 @ ./src/app/asyncMessageHandlers/index.ts 2:0-26 2:0-26
 @ ./src/app/index.tsx 6:0-56 14:75-101 15:68-89

WARNING in ./src/storage/GenericVersionedStorage.ts 526:45-56
Should not import the named export 'version' (imported as 'pjs') from default-exporting module (only default export is available soon)
 @ ./src/storage/index.ts 2:0-42 2:0-42
 @ ./src/app/store/providers/jsonbin.tsx 184:0-48 211:34-53 356:28-54 451:38-57
 @ ./src/app/store/updateSources.tsx 128:0-58 196:24-43
 @ ./src/app/store/models/tokenState.tsx 148:0-53 708:24-45
 @ ./src/app/store/models/index.tsx 3:0-42 10:16-26
 @ ./src/app/store.ts 2:0-40 5:12-18
 @ ./src/app/asyncMessageHandlers/startup.tsx 131:0-33 145:27-32
 @ ./src/app/asyncMessageHandlers/index.ts 2:0-26 2:0-26
 @ ./src/app/index.tsx 6:0-56 14:75-101 15:68-89

WARNING in ./src/storage/JSONBinTokenStorage.ts 366:308-319
Should not import the named export 'version' (imported as 'pjs') from default-exporting module (only default export is available soon)
 @ ./src/storage/index.ts 1:0-38 1:0-38
 @ ./src/app/store/providers/jsonbin.tsx 184:0-48 211:34-53 356:28-54 451:38-57
 @ ./src/app/store/updateSources.tsx 128:0-58 196:24-43
 @ ./src/app/store/models/tokenState.tsx 148:0-53 708:24-45
 @ ./src/app/store/models/index.tsx 3:0-42 10:16-26
 @ ./src/app/store.ts 2:0-40 5:12-18
 @ ./src/app/asyncMessageHandlers/startup.tsx 131:0-33 145:27-32
 @ ./src/app/asyncMessageHandlers/index.ts 2:0-26 2:0-26
 @ ./src/app/index.tsx 6:0-56 14:75-101 15:68-89

WARNING in ./src/storage/JSONBinTokenStorage.ts 465:49-60
Should not import the named export 'version' (imported as 'pjs') from default-exporting module (only default export is available soon)
 @ ./src/storage/index.ts 1:0-38 1:0-38
 @ ./src/app/store/providers/jsonbin.tsx 184:0-48 211:34-53 356:28-54 451:38-57
 @ ./src/app/store/updateSources.tsx 128:0-58 196:24-43
 @ ./src/app/store/models/tokenState.tsx 148:0-53 708:24-45
 @ ./src/app/store/models/index.tsx 3:0-42 10:16-26
 @ ./src/app/store.ts 2:0-40 5:12-18
 @ ./src/app/asyncMessageHandlers/startup.tsx 131:0-33 145:27-32
 @ ./src/app/asyncMessageHandlers/index.ts 2:0-26 2:0-26
 @ ./src/app/index.tsx 6:0-56 14:75-101 15:68-89

WARNING in ./src/storage/JSONBinTokenStorage.ts 533:57-68
Should not import the named export 'version' (imported as 'pjs') from default-exporting module (only default export is available soon)
 @ ./src/storage/index.ts 1:0-38 1:0-38
 @ ./src/app/store/providers/jsonbin.tsx 184:0-48 211:34-53 356:28-54 451:38-57
 @ ./src/app/store/updateSources.tsx 128:0-58 196:24-43
 @ ./src/app/store/models/tokenState.tsx 148:0-53 708:24-45
 @ ./src/app/store/models/index.tsx 3:0-42 10:16-26
 @ ./src/app/store.ts 2:0-40 5:12-18
 @ ./src/app/asyncMessageHandlers/startup.tsx 131:0-33 145:27-32
 @ ./src/app/asyncMessageHandlers/index.ts 2:0-26 2:0-26
 @ ./src/app/index.tsx 6:0-56 14:75-101 15:68-89

WARNING in ./src/utils/figma/updateLocalTokensData.ts 138:46-57
Should not import the named export 'version' (imported as 'pjs') from default-exporting module (only default export is available soon)
 @ ./src/utils/figma/index.ts 3:0-40 3:0-40
 @ ./src/plugin/asyncMessageHandlers/update.ts 125:0-54 146:24-45
 @ ./src/plugin/asyncMessageHandlers/index.ts 22:0-25 22:0-25
 @ ./src/plugin/controller.ts 3:0-56 12:73-98 13:74-99 14:86-122 15:78-106 16:89-129 17:98-147 18:92-135 19:75-100 20:84-117 21:74-99 22:79-108 23:71-93 24:74-99 25:73-97 26:73-97 27:68-88 28:75-101 29:78-107 30:83-115 31:68-87 32:79-109 33:75-101 34:75-101 35:75-101 36:68-88 37:77-104 38:90-128 39:80-110 40:85-118 41:77-104 42:75-100 43:84-118 44:83-116 45:93-134 46:78-107 47:76-103 48:78-107 49:76-102 50:82-114

WARNING in asset size limit: The following asset(s) exceed the recommended size limit (244 KiB).
This can impact web performance.
Assets: 
  ui.js (3.93 MiB)
  code.js (700 KiB)
  index.html (3.93 MiB)

WARNING in entrypoint size limit: The following entrypoint(s) combined asset size exceeds the recommended limit (244 KiB). This can impact web performance.
Entrypoints:
  ui (3.93 MiB)
      ui.js
  code (700 KiB)
      code.js

WARNING in webpack performance recommendations: 
You can limit the size of your bundles by using import() or require.ensure to lazy load some parts of your application.
For more info visit https://webpack.js.org/guides/code-splitting/

webpack 5.72.1 compiled with 16 warnings in 25083 ms
